<?xml version="1.0" encoding="UTF-8"?>
<testng-results ignored="0" total="1" passed="1" failed="0" skipped="0">
  <reporter-output>
  </reporter-output>
  <suite started-at="2024-10-01T09:05:11 IST" name="Default suite" finished-at="2024-10-01T09:05:20 IST" duration-ms="9812">
    <groups>
    </groups>
    <test started-at="2024-10-01T09:05:11 IST" name="Default test" finished-at="2024-10-01T09:05:20 IST" duration-ms="9812">
      <class name="org.fb.automation.testcases.TS01_LoginScenario">
        <test-method is-config="true" signature="launchBrowser()[pri:0, instance:org.fb.automation.testcases.TS01_LoginScenario@6bd61f98]" started-at="2024-10-01T09:05:11 IST" name="launchBrowser" finished-at="2024-10-01T09:05:20 IST" duration-ms="9170" status="PASS">
          <reporter-output>
          </reporter-output>
        </test-method> <!-- launchBrowser -->
        <test-method signature="tc01_validateloginfunctionaility()[pri:0, instance:org.fb.automation.testcases.TS01_LoginScenario@6bd61f98]" started-at="2024-10-01T09:05:20 IST" name="tc01_validateloginfunctionaility" finished-at="2024-10-01T09:05:20 IST" duration-ms="510" status="PASS">
          <reporter-output>
          </reporter-output>
        </test-method> <!-- tc01_validateloginfunctionaility -->
        <test-method is-config="true" signature="closeBrowser()[pri:0, instance:org.fb.automation.testcases.TS01_LoginScenario@6bd61f98]" started-at="2024-10-01T09:05:20 IST" name="closeBrowser" finished-at="2024-10-01T09:05:20 IST" duration-ms="1" status="PASS">
          <reporter-output>
          </reporter-output>
        </test-method> <!-- closeBrowser -->
      </class> <!-- org.fb.automation.testcases.TS01_LoginScenario -->
    </test> <!-- Default test -->
  </suite> <!-- Default suite -->
</testng-results>
